<?xml version="1.0" encoding="UTF-8"?>
<!-- Generated by org.testng.reporters.JUnitReportReporter -->
<testsuite skipped="6" hostname="DESKTOP-A2NOGUI" name="com.openedge.pacreation.NewTest" tests="7" failures="0" timestamp="08 Nov 2018 12:10:38 GMT" time="0.235" errors="1">
  <testcase name="beforeClass" time="0.234" classname="com.openedge.pacreation.NewTest">
    <error type="java.lang.IllegalStateException" message="The driver executable does not exist: F:\Selenium\Cashkaro_POM-20181108T072440Z-001\Cashkaro_POM\Seleniumchromedriver_win32chromedriver.exe">
      <![CDATA[java.lang.IllegalStateException: The driver executable does not exist: F:\Selenium\Cashkaro_POM-20181108T072440Z-001\Cashkaro_POM\Seleniumchromedriver_win32chromedriver.exe
at com.google.common.base.Preconditions.checkState(Preconditions.java:585)
at org.openqa.selenium.remote.service.DriverService.checkExecutable(DriverService.java:146)
at org.openqa.selenium.remote.service.DriverService.findExecutable(DriverService.java:141)
at org.openqa.selenium.chrome.ChromeDriverService.access$000(ChromeDriverService.java:35)
at org.openqa.selenium.chrome.ChromeDriverService$Builder.findDefaultExecutable(ChromeDriverService.java:159)
at org.openqa.selenium.remote.service.DriverService$Builder.build(DriverService.java:355)
at org.openqa.selenium.chrome.ChromeDriverService.createDefaultService(ChromeDriverService.java:94)
at org.openqa.selenium.chrome.ChromeDriver.<init>(ChromeDriver.java:123)
at com.openedge.pacreation.NewTest.beforeClass(NewTest.java:70)
at sun.reflect.NativeMethodAccessorImpl.invoke0(Native Method)
at sun.reflect.NativeMethodAccessorImpl.invoke(Unknown Source)
at sun.reflect.DelegatingMethodAccessorImpl.invoke(Unknown Source)
at java.lang.reflect.Method.invoke(Unknown Source)
at org.testng.internal.MethodInvocationHelper.invokeMethod(MethodInvocationHelper.java:124)
at org.testng.internal.MethodInvocationHelper.invokeMethodConsideringTimeout(MethodInvocationHelper.java:59)
at org.testng.internal.Invoker.invokeConfigurationMethod(Invoker.java:458)
at org.testng.internal.Invoker.invokeConfigurations(Invoker.java:222)
at org.testng.internal.Invoker.invokeConfigurations(Invoker.java:142)
at org.testng.internal.TestMethodWorker.invokeBeforeClassMethods(TestMethodWorker.java:168)
at org.testng.internal.TestMethodWorker.run(TestMethodWorker.java:105)
at org.testng.TestRunner.privateRun(TestRunner.java:648)
at org.testng.TestRunner.run(TestRunner.java:505)
at org.testng.SuiteRunner.runTest(SuiteRunner.java:455)
at org.testng.SuiteRunner.runSequentially(SuiteRunner.java:450)
at org.testng.SuiteRunner.privateRun(SuiteRunner.java:415)
at org.testng.SuiteRunner.run(SuiteRunner.java:364)
at org.testng.SuiteRunnerWorker.runSuite(SuiteRunnerWorker.java:52)
at org.testng.SuiteRunnerWorker.run(SuiteRunnerWorker.java:84)
at org.testng.TestNG.runSuitesSequentially(TestNG.java:1208)
at org.testng.TestNG.runSuitesLocally(TestNG.java:1137)
at org.testng.TestNG.runSuites(TestNG.java:1049)
at org.testng.TestNG.run(TestNG.java:1017)
at org.testng.remote.AbstractRemoteTestNG.run(AbstractRemoteTestNG.java:114)
at org.testng.remote.RemoteTestNG.initAndRun(RemoteTestNG.java:251)
at org.testng.remote.RemoteTestNG.main(RemoteTestNG.java:77)
]]>
    </error>
  </testcase> <!-- beforeClass -->
  <testcase name="Login" time="0.000" classname="com.openedge.pacreation.NewTest">
    <skipped/>
  </testcase> <!-- Login -->
  <testcase name="leadCreation" time="0.000" classname="com.openedge.pacreation.NewTest">
    <skipped/>
  </testcase> <!-- leadCreation -->
  <testcase name="opportunityCreation" time="0.000" classname="com.openedge.pacreation.NewTest">
    <skipped/>
  </testcase> <!-- opportunityCreation -->
  <testcase name="rateQuote" time="0.000" classname="com.openedge.pacreation.NewTest">
    <skipped/>
  </testcase> <!-- rateQuote -->
  <testcase name="proccessingAccountCreation" time="0.001" classname="com.openedge.pacreation.NewTest">
    <skipped/>
  </testcase> <!-- proccessingAccountCreation -->
  <testcase name="applicationCreation" time="0.000" classname="com.openedge.pacreation.NewTest">
    <skipped/>
  </testcase> <!-- applicationCreation -->
</testsuite> <!-- com.openedge.pacreation.NewTest -->
